<?xml version="1.0" encoding="UTF-8"?>
<!-- Generated by org.testng.reporters.JUnitXMLReporter -->
<testsuite ignored="0" hostname="LAPTOP-UT0M2F0F" failures="0" tests="2" name="Test" time="25.631" errors="0" timestamp="2022-08-06T18:55:10 IST">
  <testcase classname="com.OrangeHRM.TestClassPOM.TC__002VerifyLogoutFunctionality" name="VerifyLogoutFunctionality" time="2.095"/>
  <testcase classname="com.OrangeHRM.TestClassPOM.TC__001VerfyLoginFunctionality" name="VerifyLoginFunctionality" time="0.011"/>
</testsuite> <!-- Test -->
